2022-11-18 13:36:25,185 - getDailyBasic.py - line:111 - INFO - 读取到 4994 只股票基本数据 -27997
2022-11-18 13:36:25,186 - getDailyBasic.py - line:120 - INFO - 开始更新 20221118 daily_basic数据 -27997
2022-11-18 13:36:25,186 - getDailyBasic.py - line:121 - INFO - 数据存储路径 : ../Data/Dynamic/daily_basic/ -27997
2022-11-18 13:36:25,267 - getDailyBasic.py - line:56 - INFO - IOError -1 -27997
2022-11-18 13:36:25,296 - getDailyBasic.py - line:56 - INFO - IOError -1 -27997
2022-11-18 13:36:25,324 - getDailyBasic.py - line:56 - INFO - IOError -1 -27997
2022-11-18 13:36:25,333 - getDailyBasic.py - line:56 - INFO - IOError -1 -27997
2022-11-18 13:36:25,534 - getDailyBasic.py - line:56 - INFO - IOError -1 -27997
2022-11-18 13:36:25,638 - getDailyBasic.py - line:56 - INFO - IOError -1 -27997
2022-11-18 13:36:25,759 - getDailyBasic.py - line:56 - INFO - IOError -1 -27997
2022-11-18 13:36:26,013 - getDailyBasic.py - line:56 - INFO - IOError -1 -27997
2022-11-18 13:36:26,135 - getDailyBasic.py - line:56 - INFO - IOError -1 -27997
2022-11-18 13:36:26,339 - getDailyBasic.py - line:56 - INFO - IOError -1 -27997
2022-11-18 13:36:35,378 - getDailyBasic.py - line:56 - INFO - IOError -1 -27997
2022-11-18 13:36:35,446 - getDailyBasic.py - line:56 - INFO - IOError -1 -27997
2022-11-18 13:36:35,456 - getDailyBasic.py - line:56 - INFO - IOError -1 -27997
2022-11-18 13:36:35,513 - getDailyBasic.py - line:56 - INFO - IOError -1 -27997
2022-11-18 13:36:35,866 - getDailyBasic.py - line:56 - INFO - IOError -1 -27997
2022-11-18 13:36:36,070 - getDailyBasic.py - line:56 - INFO - IOError -1 -27997
2022-11-18 13:36:36,323 - getDailyBasic.py - line:56 - INFO - IOError -1 -27997
2022-11-18 13:36:36,828 - getDailyBasic.py - line:56 - INFO - IOError -1 -27997
2022-11-18 13:36:37,243 - getDailyBasic.py - line:56 - INFO - IOError -1 -27997
2022-11-18 13:36:37,339 - getDailyBasic.py - line:56 - INFO - IOError -1 -27997
2022-11-18 13:36:45,452 - getDailyBasic.py - line:56 - INFO - IOError -1 -27997
2022-11-18 13:36:45,547 - getDailyBasic.py - line:56 - INFO - IOError -1 -27997
2022-11-18 13:36:45,560 - getDailyBasic.py - line:56 - INFO - IOError -1 -27997
2022-11-18 13:36:45,648 - getDailyBasic.py - line:56 - INFO - IOError -1 -27997
2022-11-18 13:36:46,192 - getDailyBasic.py - line:56 - INFO - IOError -1 -27997
2022-11-18 13:36:46,541 - getDailyBasic.py - line:56 - INFO - IOError -1 -27997
2022-11-18 13:36:46,907 - getDailyBasic.py - line:56 - INFO - IOError -1 -27997
2022-11-18 13:36:47,615 - getDailyBasic.py - line:56 - INFO - IOError -1 -27997
2022-11-18 13:36:48,321 - getDailyBasic.py - line:56 - INFO - IOError -1 -27997
2022-11-18 13:36:48,744 - getDailyBasic.py - line:56 - INFO - IOError -1 -27997
2022-11-18 13:36:55,548 - getDailyBasic.py - line:56 - INFO - IOError -1 -27997
2022-11-18 13:36:55,657 - getDailyBasic.py - line:56 - INFO - IOError -1 -27997
2022-11-18 13:36:55,677 - getDailyBasic.py - line:56 - INFO - IOError -1 -27997
2022-11-18 13:36:55,792 - getDailyBasic.py - line:56 - INFO - IOError -1 -27997
2022-11-18 13:36:56,576 - getDailyBasic.py - line:56 - INFO - IOError -1 -27997
2022-11-18 13:36:56,997 - getDailyBasic.py - line:56 - INFO - IOError -1 -27997
2022-11-18 13:36:57,501 - getDailyBasic.py - line:56 - INFO - IOError -1 -27997
2022-11-18 13:36:58,513 - getDailyBasic.py - line:56 - INFO - IOError -1 -27997
2022-11-18 13:36:59,604 - getDailyBasic.py - line:56 - INFO - IOError -1 -27997
2022-11-18 13:37:00,507 - getDailyBasic.py - line:56 - INFO - IOError -1 -27997
2022-11-18 13:37:05,637 - getDailyBasic.py - line:56 - INFO - IOError -1 -27997
2022-11-18 13:37:05,760 - getDailyBasic.py - line:56 - INFO - IOError -1 -27997
2022-11-18 13:37:05,782 - getDailyBasic.py - line:56 - INFO - IOError -1 -27997
2022-11-18 13:37:06,033 - getDailyBasic.py - line:56 - INFO - IOError -1 -27997
2022-11-18 13:37:06,920 - getDailyBasic.py - line:56 - INFO - IOError -1 -27997
2022-11-18 13:37:07,679 - getDailyBasic.py - line:56 - INFO - IOError -1 -27997
2022-11-18 13:37:08,241 - getDailyBasic.py - line:56 - INFO - IOError -1 -27997
2022-11-18 13:37:09,435 - getDailyBasic.py - line:56 - INFO - IOError -1 -27997
2022-11-18 13:37:10,922 - getDailyBasic.py - line:56 - INFO - IOError -1 -27997
2022-11-18 13:37:12,060 - getDailyBasic.py - line:56 - INFO - IOError -1 -27997
2022-11-18 13:37:15,730 - getDailyBasic.py - line:56 - INFO - IOError -1 -27997
2022-11-18 13:37:16,089 - getDailyBasic.py - line:56 - INFO - IOError -1 -27997
2022-11-18 13:37:16,122 - getDailyBasic.py - line:56 - INFO - IOError -1 -27997
2022-11-18 13:37:16,149 - getDailyBasic.py - line:56 - INFO - IOError -1 -27997
2022-11-18 13:37:17,370 - getDailyBasic.py - line:56 - INFO - IOError -1 -27997
2022-11-18 13:37:18,218 - getDailyBasic.py - line:56 - INFO - IOError -1 -27997
2022-11-18 13:37:18,833 - getDailyBasic.py - line:56 - INFO - IOError -1 -27997
2022-11-18 13:37:20,357 - getDailyBasic.py - line:56 - INFO - IOError -1 -27997
2022-11-18 13:37:22,001 - getDailyBasic.py - line:56 - INFO - IOError -1 -27997
2022-11-18 13:37:23,252 - getDailyBasic.py - line:56 - INFO - IOError -1 -27997
2022-11-18 13:37:25,817 - getDailyBasic.py - line:56 - INFO - IOError -1 -27997
2022-11-18 13:37:26,202 - getDailyBasic.py - line:56 - INFO - IOError -1 -27997
2022-11-18 13:37:26,242 - getDailyBasic.py - line:56 - INFO - IOError -1 -27997
2022-11-18 13:37:26,260 - getDailyBasic.py - line:56 - INFO - IOError -1 -27997
2022-11-18 13:37:27,843 - getDailyBasic.py - line:56 - INFO - IOError -1 -27997
2022-11-18 13:37:28,647 - getDailyBasic.py - line:56 - INFO - IOError -1 -27997
2022-11-18 13:37:29,475 - getDailyBasic.py - line:56 - INFO - IOError -1 -27997
2022-11-18 13:37:31,123 - getDailyBasic.py - line:56 - INFO - IOError -1 -27997
2022-11-18 13:37:33,303 - getDailyBasic.py - line:56 - INFO - IOError -1 -27997
2022-11-18 13:37:34,577 - getDailyBasic.py - line:56 - INFO - IOError -1 -27997
2022-11-18 13:37:36,085 - getDailyBasic.py - line:56 - INFO - IOError -1 -27997
2022-11-18 13:37:36,358 - getDailyBasic.py - line:56 - INFO - IOError -1 -27997
2022-11-18 13:37:36,369 - getDailyBasic.py - line:56 - INFO - IOError -1 -27997
2022-11-18 13:37:36,439 - getDailyBasic.py - line:56 - INFO - IOError -1 -27997
2022-11-18 13:37:38,192 - getDailyBasic.py - line:56 - INFO - IOError -1 -27997
2022-11-18 13:37:39,309 - getDailyBasic.py - line:56 - INFO - IOError -1 -27997
2022-11-18 13:37:39,976 - getDailyBasic.py - line:56 - INFO - IOError -1 -27997
2022-11-18 13:37:41,937 - getDailyBasic.py - line:56 - INFO - IOError -1 -27997
2022-11-18 13:37:44,696 - getDailyBasic.py - line:56 - INFO - IOError -1 -27997
2022-11-18 13:37:46,286 - getDailyBasic.py - line:56 - INFO - IOError -1 -27997
2022-11-18 13:37:46,319 - getDailyBasic.py - line:56 - INFO - IOError -1 -27997
2022-11-18 13:37:46,865 - getDailyBasic.py - line:56 - INFO - IOError -1 -27997
2022-11-18 13:37:46,884 - getDailyBasic.py - line:56 - INFO - IOError -1 -27997
2022-11-18 13:37:46,889 - getDailyBasic.py - line:56 - INFO - IOError -1 -27997
2022-11-18 13:37:48,724 - getDailyBasic.py - line:56 - INFO - IOError -1 -27997
2022-11-18 13:37:49,797 - getDailyBasic.py - line:56 - INFO - IOError -1 -27997
2022-11-18 13:37:50,989 - getDailyBasic.py - line:56 - INFO - IOError -1 -27997
2022-11-18 13:37:53,195 - getDailyBasic.py - line:56 - INFO - IOError -1 -27997
2022-11-18 13:37:55,708 - getDailyBasic.py - line:56 - INFO - IOError -1 -27997
2022-11-18 13:37:56,541 - getDailyBasic.py - line:56 - INFO - IOError -1 -27997
2022-11-18 13:37:57,190 - getDailyBasic.py - line:56 - INFO - IOError -1 -27997
2022-11-18 13:37:57,199 - getDailyBasic.py - line:56 - INFO - IOError -1 -27997
2022-11-18 13:37:57,216 - getDailyBasic.py - line:56 - INFO - IOError -1 -27997
2022-11-18 13:37:57,320 - getDailyBasic.py - line:56 - INFO - IOError -1 -27997
2022-11-18 13:37:59,407 - getDailyBasic.py - line:56 - INFO - IOError -1 -27997
2022-11-18 13:38:00,482 - getDailyBasic.py - line:56 - INFO - IOError -1 -27997
2022-11-18 13:38:01,587 - getDailyBasic.py - line:56 - INFO - IOError -1 -27997
2022-11-18 13:38:04,161 - getDailyBasic.py - line:56 - INFO - IOError -1 -27997
2022-11-18 13:38:06,598 - getDailyBasic.py - line:56 - INFO - IOError -1 -27997
2022-11-18 13:38:07,069 - getDailyBasic.py - line:56 - INFO - IOError -1 -27997
2022-11-18 13:38:07,310 - getDailyBasic.py - line:56 - INFO - IOError -1 -27997
2022-11-18 13:38:07,315 - getDailyBasic.py - line:56 - INFO - IOError -1 -27997
2022-11-18 13:38:07,422 - getDailyBasic.py - line:56 - INFO - IOError -1 -27997
2022-11-18 13:38:08,338 - getDailyBasic.py - line:56 - INFO - IOError -1 -27997
2022-11-18 13:38:09,817 - getDailyBasic.py - line:56 - INFO - IOError -1 -27997
2022-11-18 13:38:11,356 - getDailyBasic.py - line:56 - INFO - IOError -1 -27997
2022-11-18 13:38:12,328 - getDailyBasic.py - line:56 - INFO - IOError -1 -27997
2022-11-18 13:38:15,476 - getDailyBasic.py - line:56 - INFO - IOError -1 -27997
2022-11-18 13:38:16,657 - getDailyBasic.py - line:56 - INFO - IOError -1 -27997
2022-11-18 13:38:17,543 - getDailyBasic.py - line:56 - INFO - IOError -1 -27997
2022-11-18 13:38:17,551 - getDailyBasic.py - line:56 - INFO - IOError -1 -27997
2022-11-18 13:38:17,612 - getDailyBasic.py - line:56 - INFO - IOError -1 -27997
2022-11-18 13:38:18,034 - getDailyBasic.py - line:56 - INFO - IOError -1 -27997
2022-11-18 13:38:19,861 - getDailyBasic.py - line:56 - INFO - IOError -1 -27997
2022-11-18 13:38:20,396 - getDailyBasic.py - line:56 - INFO - IOError -1 -27997
2022-11-18 13:38:21,803 - getDailyBasic.py - line:56 - INFO - IOError -1 -27997
2022-11-18 13:38:22,961 - getDailyBasic.py - line:56 - INFO - IOError -1 -27997
2022-11-18 13:38:26,349 - getDailyBasic.py - line:56 - INFO - IOError -1 -27997
2022-11-18 13:38:26,732 - getDailyBasic.py - line:56 - INFO - IOError -1 -27997
2022-11-18 13:38:27,651 - getDailyBasic.py - line:56 - INFO - IOError -1 -27997
2022-11-18 13:38:27,659 - getDailyBasic.py - line:56 - INFO - IOError -1 -27997
2022-11-18 13:38:27,727 - getDailyBasic.py - line:56 - INFO - IOError -1 -27997
2022-11-18 13:38:29,178 - getDailyBasic.py - line:56 - INFO - IOError -1 -27997
2022-11-18 13:38:30,912 - getDailyBasic.py - line:56 - INFO - IOError -1 -27997
2022-11-18 13:38:30,920 - getDailyBasic.py - line:56 - INFO - IOError -1 -27997
2022-11-18 13:38:32,319 - getDailyBasic.py - line:56 - INFO - IOError -1 -27997
2022-11-18 13:38:33,527 - getDailyBasic.py - line:56 - INFO - IOError -1 -27997
2022-11-18 13:38:36,860 - getDailyBasic.py - line:56 - INFO - IOError -1 -27997
2022-11-18 13:38:37,136 - getDailyBasic.py - line:56 - INFO - IOError -1 -27997
2022-11-18 13:38:37,847 - getDailyBasic.py - line:56 - INFO - IOError -1 -27997
2022-11-18 13:38:37,848 - getDailyBasic.py - line:56 - INFO - IOError -1 -27997
2022-11-18 13:38:37,872 - getDailyBasic.py - line:56 - INFO - IOError -1 -27997
2022-11-18 13:38:40,142 - getDailyBasic.py - line:56 - INFO - IOError -1 -27997
2022-11-18 13:38:41,726 - getDailyBasic.py - line:56 - INFO - IOError -1 -27997
2022-11-18 13:38:41,924 - getDailyBasic.py - line:56 - INFO - IOError -1 -27997
2022-11-18 13:38:42,799 - getDailyBasic.py - line:56 - INFO - IOError -1 -27997
2022-11-18 13:38:44,197 - getDailyBasic.py - line:56 - INFO - IOError -1 -27997
2022-11-18 13:38:46,950 - getDailyBasic.py - line:56 - INFO - IOError -1 -27997
2022-11-18 13:38:47,965 - getDailyBasic.py - line:56 - INFO - IOError -1 -27997
2022-11-18 13:38:47,975 - getDailyBasic.py - line:56 - INFO - IOError -1 -27997
2022-11-18 13:38:48,077 - getDailyBasic.py - line:56 - INFO - IOError -1 -27997
2022-11-18 13:38:48,498 - getDailyBasic.py - line:56 - INFO - IOError -1 -27997
2022-11-18 13:38:51,092 - getDailyBasic.py - line:56 - INFO - IOError -1 -27997
2022-11-18 13:38:52,063 - getDailyBasic.py - line:56 - INFO - IOError -1 -27997
2022-11-18 13:38:52,965 - getDailyBasic.py - line:56 - INFO - IOError -1 -27997
2022-11-18 13:38:53,298 - getDailyBasic.py - line:56 - INFO - IOError -1 -27997
2022-11-18 13:38:54,925 - getDailyBasic.py - line:56 - INFO - IOError -1 -27997
2022-11-18 13:38:57,037 - getDailyBasic.py - line:56 - INFO - IOError -1 -27997
2022-11-18 13:38:58,071 - getDailyBasic.py - line:56 - INFO - IOError -1 -27997
2022-11-18 13:38:58,082 - getDailyBasic.py - line:56 - INFO - IOError -1 -27997
2022-11-18 13:38:58,202 - getDailyBasic.py - line:56 - INFO - IOError -1 -27997
2022-11-18 13:38:59,463 - getDailyBasic.py - line:56 - INFO - IOError -1 -27997
2022-11-18 13:39:02,005 - getDailyBasic.py - line:56 - INFO - IOError -1 -27997
2022-11-18 13:39:02,390 - getDailyBasic.py - line:56 - INFO - IOError -1 -27997
2022-11-18 13:39:03,734 - getDailyBasic.py - line:56 - INFO - IOError -1 -27997
2022-11-18 13:39:04,002 - getDailyBasic.py - line:56 - INFO - IOError -1 -27997
2022-11-18 13:39:05,526 - getDailyBasic.py - line:56 - INFO - IOError -1 -27997
2022-11-18 13:39:07,127 - getDailyBasic.py - line:56 - INFO - IOError -1 -27997
2022-11-18 13:39:08,197 - getDailyBasic.py - line:56 - INFO - IOError -1 -27997
2022-11-18 13:39:08,215 - getDailyBasic.py - line:56 - INFO - IOError -1 -27997
2022-11-18 13:39:08,332 - getDailyBasic.py - line:56 - INFO - IOError -1 -27997
2022-11-18 13:39:10,242 - getDailyBasic.py - line:56 - INFO - IOError -1 -27997
2022-11-18 13:39:12,978 - getDailyBasic.py - line:56 - INFO - IOError -1 -27997
2022-11-18 13:39:13,012 - getDailyBasic.py - line:56 - INFO - IOError -1 -27997
2022-11-18 13:39:14,159 - getDailyBasic.py - line:56 - INFO - IOError -1 -27997
2022-11-18 13:39:14,974 - getDailyBasic.py - line:56 - INFO - IOError -1 -27997
2022-11-18 13:39:16,136 - getDailyBasic.py - line:56 - INFO - IOError -1 -27997
2022-11-18 13:39:17,214 - getDailyBasic.py - line:56 - INFO - IOError -1 -27997
2022-11-18 13:39:18,320 - getDailyBasic.py - line:56 - INFO - IOError -1 -27997
2022-11-18 13:39:18,332 - getDailyBasic.py - line:56 - INFO - IOError -1 -27997
2022-11-18 13:39:18,440 - getDailyBasic.py - line:56 - INFO - IOError -1 -27997
2022-11-18 13:39:21,054 - getDailyBasic.py - line:56 - INFO - IOError -1 -27997
2022-11-18 13:39:23,417 - getDailyBasic.py - line:56 - INFO - IOError -1 -27997
2022-11-18 13:39:23,873 - getDailyBasic.py - line:56 - INFO - IOError -1 -27997
2022-11-18 13:39:24,609 - getDailyBasic.py - line:56 - INFO - IOError -1 -27997
2022-11-18 13:39:26,141 - getDailyBasic.py - line:56 - INFO - IOError -1 -27997
2022-11-18 13:39:26,672 - getDailyBasic.py - line:56 - INFO - IOError -1 -27997
2022-11-18 13:39:27,332 - getDailyBasic.py - line:56 - INFO - IOError -1 -27997
2022-11-18 13:39:28,436 - getDailyBasic.py - line:56 - INFO - IOError -1 -27997
2022-11-18 13:39:28,444 - getDailyBasic.py - line:56 - INFO - IOError -1 -27997
2022-11-18 13:39:28,578 - getDailyBasic.py - line:56 - INFO - IOError -1 -27997
2022-11-18 13:39:31,992 - getDailyBasic.py - line:56 - INFO - IOError -1 -27997
2022-11-18 13:39:33,799 - getDailyBasic.py - line:56 - INFO - IOError -1 -27997
2022-11-18 13:39:34,768 - getDailyBasic.py - line:56 - INFO - IOError -1 -27997
2022-11-18 13:39:35,060 - getDailyBasic.py - line:56 - INFO - IOError -1 -27997
2022-11-18 13:39:37,122 - getDailyBasic.py - line:56 - INFO - IOError -1 -27997
2022-11-18 13:39:37,223 - getDailyBasic.py - line:56 - INFO - IOError -1 -27997
2022-11-18 13:39:37,406 - getDailyBasic.py - line:56 - INFO - IOError -1 -27997
2022-11-18 13:39:38,559 - getDailyBasic.py - line:56 - INFO - IOError -1 -27997
2022-11-18 13:39:38,566 - getDailyBasic.py - line:56 - INFO - IOError -1 -27997
2022-11-18 13:39:38,703 - getDailyBasic.py - line:56 - INFO - IOError -1 -27997
2022-11-18 13:39:42,861 - getDailyBasic.py - line:56 - INFO - IOError -1 -27997
2022-11-18 13:39:44,318 - getDailyBasic.py - line:56 - INFO - IOError -1 -27997
2022-11-18 13:39:45,678 - getDailyBasic.py - line:56 - INFO - IOError -1 -27997
2022-11-18 13:39:45,986 - getDailyBasic.py - line:56 - INFO - IOError -1 -27997
2022-11-18 13:39:47,481 - getDailyBasic.py - line:56 - INFO - IOError -1 -27997
2022-11-18 13:39:47,766 - getDailyBasic.py - line:56 - INFO - IOError -1 -27997
2022-11-18 13:39:48,085 - getDailyBasic.py - line:56 - INFO - IOError -1 -27997
2022-11-18 13:39:48,690 - getDailyBasic.py - line:56 - INFO - IOError -1 -27997
2022-11-18 13:39:48,697 - getDailyBasic.py - line:56 - INFO - IOError -1 -27997
2022-11-18 13:39:48,827 - getDailyBasic.py - line:56 - INFO - IOError -1 -27997
2022-11-18 13:39:53,871 - getDailyBasic.py - line:56 - INFO - IOError -1 -27997
2022-11-18 13:39:54,660 - getDailyBasic.py - line:56 - INFO - IOError -1 -27997
2022-11-18 13:39:56,106 - getDailyBasic.py - line:56 - INFO - IOError -1 -27997
2022-11-18 13:39:56,930 - getDailyBasic.py - line:56 - INFO - IOError -1 -27997
2022-11-18 13:39:57,540 - getDailyBasic.py - line:56 - INFO - IOError -1 -27997
2022-11-18 13:39:58,305 - getDailyBasic.py - line:56 - INFO - IOError -1 -27997
2022-11-18 13:39:58,848 - getDailyBasic.py - line:56 - INFO - IOError -1 -27997
2022-11-18 13:39:58,855 - getDailyBasic.py - line:56 - INFO - IOError -1 -27997
2022-11-18 13:39:58,953 - getDailyBasic.py - line:56 - INFO - IOError -1 -27997
2022-11-18 13:39:59,038 - getDailyBasic.py - line:56 - INFO - IOError -1 -27997
2022-11-18 13:40:04,862 - getDailyBasic.py - line:56 - INFO - IOError -1 -27997
2022-11-18 13:40:04,993 - getDailyBasic.py - line:56 - INFO - IOError -1 -27997
2022-11-18 13:40:06,638 - getDailyBasic.py - line:56 - INFO - IOError -1 -27997
2022-11-18 13:40:07,619 - getDailyBasic.py - line:56 - INFO - IOError -1 -27997
2022-11-18 13:40:07,823 - getDailyBasic.py - line:56 - INFO - IOError -1 -27997
2022-11-18 13:40:08,989 - getDailyBasic.py - line:56 - INFO - IOError -1 -27997
2022-11-18 13:40:08,995 - getDailyBasic.py - line:56 - INFO - IOError -1 -27997
2022-11-18 13:40:08,995 - getDailyBasic.py - line:56 - INFO - IOError -1 -27997
2022-11-18 13:40:09,129 - getDailyBasic.py - line:56 - INFO - IOError -1 -27997
2022-11-18 13:40:09,969 - getDailyBasic.py - line:56 - INFO - IOError -1 -27997
2022-11-18 13:40:15,441 - getDailyBasic.py - line:56 - INFO - IOError -1 -27997
2022-11-18 13:40:15,598 - getDailyBasic.py - line:56 - INFO - IOError -1 -27997
2022-11-18 13:40:17,104 - getDailyBasic.py - line:56 - INFO - IOError -1 -27997
2022-11-18 13:40:17,682 - getDailyBasic.py - line:56 - INFO - IOError -1 -27997
2022-11-18 13:40:18,781 - getDailyBasic.py - line:56 - INFO - IOError -1 -27997
2022-11-18 13:40:19,106 - getDailyBasic.py - line:56 - INFO - IOError -1 -27997
2022-11-18 13:40:19,143 - getDailyBasic.py - line:56 - INFO - IOError -1 -27997
2022-11-18 13:40:19,274 - getDailyBasic.py - line:56 - INFO - IOError -1 -27997
2022-11-18 13:40:19,606 - getDailyBasic.py - line:56 - INFO - IOError -1 -27997
2022-11-18 13:40:21,176 - getDailyBasic.py - line:56 - INFO - IOError -1 -27997
2022-11-18 13:40:25,763 - getDailyBasic.py - line:56 - INFO - IOError -1 -27997
2022-11-18 13:40:26,452 - getDailyBasic.py - line:56 - INFO - IOError -1 -27997
2022-11-18 13:40:27,590 - getDailyBasic.py - line:56 - INFO - IOError -1 -27997
2022-11-18 13:40:27,750 - getDailyBasic.py - line:56 - INFO - IOError -1 -27997
2022-11-18 13:40:29,218 - getDailyBasic.py - line:56 - INFO - IOError -1 -27997
2022-11-18 13:40:29,276 - getDailyBasic.py - line:56 - INFO - IOError -1 -27997
2022-11-18 13:40:29,388 - getDailyBasic.py - line:56 - INFO - IOError -1 -27997
2022-11-18 13:40:29,928 - getDailyBasic.py - line:56 - INFO - IOError -1 -27997
2022-11-18 13:40:30,252 - getDailyBasic.py - line:56 - INFO - IOError -1 -27997
2022-11-18 13:40:32,102 - getDailyBasic.py - line:56 - INFO - IOError -1 -27997
2022-11-18 13:40:36,225 - getDailyBasic.py - line:56 - INFO - IOError -1 -27997
2022-11-18 13:40:37,249 - getDailyBasic.py - line:56 - INFO - IOError -1 -27997
2022-11-18 13:40:37,821 - getDailyBasic.py - line:56 - INFO - IOError -1 -27997
2022-11-18 13:40:38,039 - getDailyBasic.py - line:56 - INFO - IOError -1 -27997
2022-11-18 13:40:39,378 - getDailyBasic.py - line:56 - INFO - IOError -1 -27997
2022-11-18 13:40:39,386 - getDailyBasic.py - line:56 - INFO - IOError -1 -27997
2022-11-18 13:40:39,554 - getDailyBasic.py - line:56 - INFO - IOError -1 -27997
2022-11-18 13:40:40,897 - getDailyBasic.py - line:56 - INFO - IOError -1 -27997
2022-11-18 13:40:41,001 - getDailyBasic.py - line:56 - INFO - IOError -1 -27997
2022-11-18 13:40:43,157 - getDailyBasic.py - line:56 - INFO - IOError -1 -27997
2022-11-18 13:40:46,774 - getDailyBasic.py - line:56 - INFO - IOError -1 -27997
2022-11-18 13:40:47,905 - getDailyBasic.py - line:56 - INFO - IOError -1 -27997
2022-11-18 13:40:47,978 - getDailyBasic.py - line:56 - INFO - IOError -1 -27997
2022-11-18 13:40:48,548 - getDailyBasic.py - line:56 - INFO - IOError -1 -27997
2022-11-18 13:40:49,488 - getDailyBasic.py - line:56 - INFO - IOError -1 -27997
2022-11-18 13:40:49,499 - getDailyBasic.py - line:56 - INFO - IOError -1 -27997
2022-11-18 13:40:49,681 - getDailyBasic.py - line:56 - INFO - IOError -1 -27997
2022-11-18 13:40:51,422 - getDailyBasic.py - line:56 - INFO - IOError -1 -27997
2022-11-18 13:40:51,921 - getDailyBasic.py - line:56 - INFO - IOError -1 -27997
2022-11-18 13:40:54,168 - getDailyBasic.py - line:56 - INFO - IOError -1 -27997
2022-11-18 13:40:57,220 - getDailyBasic.py - line:56 - INFO - IOError -1 -27997
2022-11-18 13:40:57,978 - getDailyBasic.py - line:56 - INFO - IOError -1 -27997
2022-11-18 13:40:58,788 - getDailyBasic.py - line:56 - INFO - IOError -1 -27997
2022-11-18 13:40:59,063 - getDailyBasic.py - line:56 - INFO - IOError -1 -27997
2022-11-18 13:40:59,646 - getDailyBasic.py - line:56 - INFO - IOError -1 -27997
2022-11-18 13:40:59,655 - getDailyBasic.py - line:56 - INFO - IOError -1 -27997
2022-11-18 13:40:59,791 - getDailyBasic.py - line:56 - INFO - IOError -1 -27997
2022-11-18 13:41:01,952 - getDailyBasic.py - line:56 - INFO - IOError -1 -27997
2022-11-18 13:41:02,823 - getDailyBasic.py - line:56 - INFO - IOError -1 -27997
2022-11-18 13:41:05,164 - getDailyBasic.py - line:56 - INFO - IOError -1 -27997
2022-11-18 13:41:07,595 - getDailyBasic.py - line:56 - INFO - IOError -1 -27997
2022-11-18 13:41:08,049 - getDailyBasic.py - line:56 - INFO - IOError -1 -27997
2022-11-18 13:41:09,554 - getDailyBasic.py - line:56 - INFO - IOError -1 -27997
2022-11-18 13:41:09,690 - getDailyBasic.py - line:56 - INFO - IOError -1 -27997
2022-11-18 13:41:09,769 - getDailyBasic.py - line:56 - INFO - IOError -1 -27997
2022-11-18 13:41:09,796 - getDailyBasic.py - line:56 - INFO - IOError -1 -27997
2022-11-18 13:41:09,910 - getDailyBasic.py - line:56 - INFO - IOError -1 -27997
2022-11-18 13:41:13,622 - getDailyBasic.py - line:56 - INFO - IOError -1 -27997
2022-11-18 13:41:13,758 - getDailyBasic.py - line:56 - INFO - IOError -1 -27997
2022-11-18 13:41:16,320 - getDailyBasic.py - line:56 - INFO - IOError -1 -27997
2022-11-18 13:41:17,945 - getDailyBasic.py - line:56 - INFO - IOError -1 -27997
2022-11-18 13:41:18,128 - getDailyBasic.py - line:56 - INFO - IOError -1 -27997
2022-11-18 13:41:19,891 - getDailyBasic.py - line:56 - INFO - IOError -1 -27997
2022-11-18 13:41:19,901 - getDailyBasic.py - line:56 - INFO - IOError -1 -27997
2022-11-18 13:41:19,997 - getDailyBasic.py - line:56 - INFO - IOError -1 -27997
2022-11-18 13:41:20,015 - getDailyBasic.py - line:56 - INFO - IOError -1 -27997
2022-11-18 13:41:20,670 - getDailyBasic.py - line:56 - INFO - IOError -1 -27997
2022-11-18 13:41:24,162 - getDailyBasic.py - line:56 - INFO - IOError -1 -27997
2022-11-18 13:41:24,704 - getDailyBasic.py - line:56 - INFO - IOError -1 -27997
2022-11-18 13:41:27,469 - getDailyBasic.py - line:56 - INFO - IOError -1 -27997
2022-11-18 13:41:28,194 - getDailyBasic.py - line:56 - INFO - IOError -1 -27997
2022-11-18 13:41:28,266 - getDailyBasic.py - line:56 - INFO - IOError -1 -27997
2022-11-18 13:41:30,003 - getDailyBasic.py - line:56 - INFO - IOError -1 -27997
2022-11-18 13:41:30,024 - getDailyBasic.py - line:56 - INFO - IOError -1 -27997
2022-11-18 13:41:30,123 - getDailyBasic.py - line:56 - INFO - IOError -1 -27997
2022-11-18 13:41:30,550 - getDailyBasic.py - line:56 - INFO - IOError -1 -27997
2022-11-18 13:41:31,420 - getDailyBasic.py - line:56 - INFO - IOError -1 -27997
2022-11-18 13:41:34,723 - getDailyBasic.py - line:56 - INFO - IOError -1 -27997
2022-11-18 13:41:35,649 - getDailyBasic.py - line:56 - INFO - IOError -1 -27997
2022-11-18 13:41:38,305 - getDailyBasic.py - line:56 - INFO - IOError -1 -27997
2022-11-18 13:41:38,619 - getDailyBasic.py - line:56 - INFO - IOError -1 -27997
2022-11-18 13:41:38,636 - getDailyBasic.py - line:56 - INFO - IOError -1 -27997
2022-11-18 13:41:40,162 - getDailyBasic.py - line:84 - INFO - 20221118 成功更新1只股票数据,耗时:314.97s -27997
2022-11-18 13:41:40,182 - getDailyBasic.py - line:84 - INFO - 20221118 成功更新2只股票数据,耗时:315.00s -27997
2022-11-18 13:41:40,273 - getDailyBasic.py - line:84 - INFO - 20221118 成功更新3只股票数据,耗时:315.09s -27997
2022-11-18 13:41:41,122 - getDailyBasic.py - line:84 - INFO - 20221118 成功更新4只股票数据,耗时:315.94s -27997
2022-11-18 13:41:42,219 - getDailyBasic.py - line:84 - INFO - 20221118 成功更新5只股票数据,耗时:317.03s -27997
2022-11-18 13:41:45,467 - getDailyBasic.py - line:84 - INFO - 20221118 成功更新6只股票数据,耗时:320.28s -27997
2022-11-18 13:41:46,663 - getDailyBasic.py - line:84 - INFO - 20221118 成功更新7只股票数据,耗时:321.48s -27997
2022-11-18 13:41:48,380 - getDailyBasic.py - line:84 - INFO - 20221118 成功更新8只股票数据,耗时:323.19s -27997
2022-11-18 13:41:49,157 - getDailyBasic.py - line:84 - INFO - 20221118 成功更新9只股票数据,耗时:323.97s -27997
2022-11-18 13:41:49,763 - getDailyBasic.py - line:84 - INFO - 20221118 成功更新10只股票数据,耗时:324.58s -27997
