2022-11-18 13:34:43,254 - getGeneralData_muti.py - line:124 - INFO - 获取股票 D 行情数据 -27893
2022-11-18 13:34:43,255 - getGeneralData_muti.py - line:125 - INFO - 复权方式: wfq -27893
2022-11-18 13:34:43,255 - getGeneralData_muti.py - line:126 - INFO - 均线统计: 3,5,10,20,30,60,90,120 -27893
2022-11-18 13:34:43,504 - getGeneralData_muti.py - line:140 - INFO - 读取到 4994 只股票基本数据 -27893
2022-11-18 13:34:43,506 - getGeneralData_muti.py - line:155 - INFO - 开始更新 D : None 数据 -27893
2022-11-18 13:34:43,506 - getGeneralData_muti.py - line:156 - INFO - 数据存储路径 : ../Data/Dynamic/daily/wfq/ -27893
2022-11-18 13:34:43,708 - getGeneralData_muti.py - line:102 - INFO - D,None 20221118 成功更新1只股票数据,耗时:0.20s -27893
2022-11-18 13:34:43,843 - getGeneralData_muti.py - line:102 - INFO - D,None 20221118 成功更新2只股票数据,耗时:0.34s -27893
2022-11-18 13:34:43,901 - getGeneralData_muti.py - line:102 - INFO - D,None 20221118 成功更新3只股票数据,耗时:0.39s -27893
2022-11-18 13:34:43,904 - getGeneralData_muti.py - line:102 - INFO - D,None 20221118 成功更新4只股票数据,耗时:0.40s -27893
2022-11-18 13:34:44,471 - getGeneralData_muti.py - line:102 - INFO - D,None 20221118 成功更新5只股票数据,耗时:0.96s -27893
2022-11-18 13:34:44,861 - getGeneralData_muti.py - line:102 - INFO - D,None 20221118 成功更新6只股票数据,耗时:1.35s -27893
2022-11-18 13:34:44,927 - getGeneralData_muti.py - line:102 - INFO - D,None 20221118 成功更新7只股票数据,耗时:1.42s -27893
2022-11-18 13:34:45,450 - getGeneralData_muti.py - line:102 - INFO - D,None 20221118 成功更新8只股票数据,耗时:1.94s -27893
2022-11-18 13:34:45,598 - getGeneralData_muti.py - line:102 - INFO - D,None 20221118 成功更新9只股票数据,耗时:2.09s -27893
2022-11-18 13:34:45,976 - getGeneralData_muti.py - line:102 - INFO - D,None 20221118 成功更新10只股票数据,耗时:2.47s -27893
2022-11-18 13:35:16,715 - getGeneralData_muti.py - line:124 - INFO - 获取股票 D 行情数据 -27932
2022-11-18 13:35:16,716 - getGeneralData_muti.py - line:125 - INFO - 复权方式: qfq -27932
2022-11-18 13:35:16,716 - getGeneralData_muti.py - line:126 - INFO - 均线统计: 3,5,10,20,30,60,90,120 -27932
2022-11-18 13:35:16,852 - getGeneralData_muti.py - line:140 - INFO - 读取到 4994 只股票基本数据 -27932
2022-11-18 13:35:16,852 - getGeneralData_muti.py - line:155 - INFO - 开始更新 D : qfq 数据 -27932
2022-11-18 13:35:16,852 - getGeneralData_muti.py - line:156 - INFO - 数据存储路径 : ../Data/Dynamic/daily/qfq/ -27932
2022-11-18 13:35:17,138 - getGeneralData_muti.py - line:102 - INFO - D,qfq 20221118 成功更新1只股票数据,耗时:0.29s -27932
2022-11-18 13:35:17,295 - getGeneralData_muti.py - line:102 - INFO - D,qfq 20221118 成功更新2只股票数据,耗时:0.44s -27932
2022-11-18 13:35:17,309 - getGeneralData_muti.py - line:102 - INFO - D,qfq 20221118 成功更新3只股票数据,耗时:0.46s -27932
2022-11-18 13:35:17,315 - getGeneralData_muti.py - line:102 - INFO - D,qfq 20221118 成功更新4只股票数据,耗时:0.46s -27932
2022-11-18 13:35:18,109 - getGeneralData_muti.py - line:102 - INFO - D,qfq 20221118 成功更新5只股票数据,耗时:1.26s -27932
2022-11-18 13:35:18,192 - getGeneralData_muti.py - line:102 - INFO - D,qfq 20221118 成功更新6只股票数据,耗时:1.34s -27932
2022-11-18 13:35:18,350 - getGeneralData_muti.py - line:102 - INFO - D,qfq 20221118 成功更新7只股票数据,耗时:1.50s -27932
2022-11-18 13:35:19,187 - getGeneralData_muti.py - line:102 - INFO - D,qfq 20221118 成功更新8只股票数据,耗时:2.34s -27932
2022-11-18 13:35:19,463 - getGeneralData_muti.py - line:102 - INFO - D,qfq 20221118 成功更新9只股票数据,耗时:2.61s -27932
2022-11-18 13:35:19,979 - getGeneralData_muti.py - line:102 - INFO - D,qfq 20221118 成功更新10只股票数据,耗时:3.13s -27932
2022-11-18 13:35:50,685 - getGeneralData_muti.py - line:124 - INFO - 获取股票 D 行情数据 -27965
2022-11-18 13:35:50,685 - getGeneralData_muti.py - line:125 - INFO - 复权方式: hfq -27965
2022-11-18 13:35:50,685 - getGeneralData_muti.py - line:126 - INFO - 均线统计: 3,5,10,20,30,60,90,120 -27965
2022-11-18 13:35:50,859 - getGeneralData_muti.py - line:140 - INFO - 读取到 4994 只股票基本数据 -27965
2022-11-18 13:35:50,859 - getGeneralData_muti.py - line:155 - INFO - 开始更新 D : hfq 数据 -27965
2022-11-18 13:35:50,859 - getGeneralData_muti.py - line:156 - INFO - 数据存储路径 : ../Data/Dynamic/daily/hfq/ -27965
2022-11-18 13:35:51,168 - getGeneralData_muti.py - line:102 - INFO - D,hfq 20221118 成功更新1只股票数据,耗时:0.31s -27965
2022-11-18 13:35:51,197 - getGeneralData_muti.py - line:102 - INFO - D,hfq 20221118 成功更新2只股票数据,耗时:0.34s -27965
2022-11-18 13:35:51,243 - getGeneralData_muti.py - line:102 - INFO - D,hfq 20221118 成功更新3只股票数据,耗时:0.38s -27965
2022-11-18 13:35:51,271 - getGeneralData_muti.py - line:102 - INFO - D,hfq 20221118 成功更新4只股票数据,耗时:0.41s -27965
2022-11-18 13:35:51,914 - getGeneralData_muti.py - line:102 - INFO - D,hfq 20221118 成功更新5只股票数据,耗时:1.05s -27965
2022-11-18 13:35:52,306 - getGeneralData_muti.py - line:102 - INFO - D,hfq 20221118 成功更新6只股票数据,耗时:1.45s -27965
2022-11-18 13:35:52,531 - getGeneralData_muti.py - line:102 - INFO - D,hfq 20221118 成功更新7只股票数据,耗时:1.67s -27965
2022-11-18 13:35:52,925 - getGeneralData_muti.py - line:102 - INFO - D,hfq 20221118 成功更新8只股票数据,耗时:2.07s -27965
2022-11-18 13:35:54,149 - getGeneralData_muti.py - line:102 - INFO - D,hfq 20221118 成功更新9只股票数据,耗时:3.29s -27965
2022-11-18 13:35:54,150 - getGeneralData_muti.py - line:102 - INFO - D,hfq 20221118 成功更新10只股票数据,耗时:3.29s -27965
2022-11-18 13:41:50,391 - getGeneralData_muti.py - line:121 - INFO - 获取股票 M 行情数据 -28317
2022-11-18 13:41:50,391 - getGeneralData_muti.py - line:122 - INFO - 复权方式: wfq -28317
2022-11-18 13:41:50,391 - getGeneralData_muti.py - line:123 - INFO - 均线统计: 3,5,10,20,30,60,90,120 -28317
2022-11-18 13:41:50,524 - getGeneralData_muti.py - line:137 - INFO - 读取到 4994 只股票基本数据 -28317
2022-11-18 13:41:50,524 - getGeneralData_muti.py - line:152 - INFO - 开始更新 M : None 数据 -28317
2022-11-18 13:41:50,524 - getGeneralData_muti.py - line:153 - INFO - 数据存储路径 : ../Data/Dynamic/monthly/wfq/ -28317
2022-11-18 13:41:52,104 - getGeneralData_muti.py - line:97 - INFO - 数据更新进度100/4994，耗时:1.58s -28317
2022-11-18 13:41:53,559 - getGeneralData_muti.py - line:97 - INFO - 数据更新进度200/4994，耗时:3.04s -28317
2022-11-18 13:41:55,128 - getGeneralData_muti.py - line:97 - INFO - 数据更新进度300/4994，耗时:4.60s -28317
2022-11-18 13:41:56,604 - getGeneralData_muti.py - line:97 - INFO - 数据更新进度400/4994，耗时:6.08s -28317
2022-11-18 13:41:57,968 - getGeneralData_muti.py - line:97 - INFO - 数据更新进度500/4994，耗时:7.44s -28317
2022-11-18 21:41:14,439 - getGeneralData_muti.py - line:121 - INFO - 获取股票 D 行情数据 -50977
2022-11-18 21:41:14,439 - getGeneralData_muti.py - line:122 - INFO - 复权方式: wfq -50977
2022-11-18 21:41:14,439 - getGeneralData_muti.py - line:123 - INFO - 均线统计: 3,5,10,20,30,60,90,120 -50977
2022-11-18 21:41:14,588 - getGeneralData_muti.py - line:137 - INFO - 读取到 4998 只股票基本数据 -50977
2022-11-18 21:41:14,588 - getGeneralData_muti.py - line:152 - INFO - 开始更新 D : None 数据 -50977
2022-11-18 21:41:14,588 - getGeneralData_muti.py - line:153 - INFO - 数据存储路径 : ../Data/Dynamic/daily/wfq/ -50977
2022-11-18 21:41:28,770 - getGeneralData_muti.py - line:97 - INFO - 数据更新进度100/4998，耗时:14.18s -50977
2022-11-18 21:41:44,506 - getGeneralData_muti.py - line:97 - INFO - 数据更新进度200/4998，耗时:29.92s -50977
2022-11-18 21:41:56,394 - getGeneralData_muti.py - line:97 - INFO - 数据更新进度300/4998，耗时:41.81s -50977
2022-11-18 21:42:09,683 - getGeneralData_muti.py - line:97 - INFO - 数据更新进度400/4998，耗时:55.09s -50977
2022-11-18 21:42:22,791 - getGeneralData_muti.py - line:97 - INFO - 数据更新进度500/4998，耗时:68.20s -50977
2022-11-18 21:42:35,748 - getGeneralData_muti.py - line:97 - INFO - 数据更新进度600/4998，耗时:81.16s -50977
2022-11-18 21:42:47,489 - getGeneralData_muti.py - line:97 - INFO - 数据更新进度700/4998，耗时:92.90s -50977
2022-11-18 21:42:58,047 - getGeneralData_muti.py - line:97 - INFO - 数据更新进度800/4998，耗时:103.46s -50977
2022-11-18 21:43:10,890 - getGeneralData_muti.py - line:97 - INFO - 数据更新进度900/4998，耗时:116.30s -50977
2022-11-18 21:43:27,410 - getGeneralData_muti.py - line:97 - INFO - 数据更新进度1000/4998，耗时:132.82s -50977
2022-11-18 21:43:44,156 - getGeneralData_muti.py - line:97 - INFO - 数据更新进度1100/4998，耗时:149.57s -50977
2022-11-18 21:44:00,518 - getGeneralData_muti.py - line:97 - INFO - 数据更新进度1200/4998，耗时:165.93s -50977
2022-11-18 21:44:14,875 - getGeneralData_muti.py - line:97 - INFO - 数据更新进度1300/4998，耗时:180.29s -50977
2022-11-18 21:44:28,148 - getGeneralData_muti.py - line:97 - INFO - 数据更新进度1400/4998，耗时:193.56s -50977
2022-11-18 21:44:47,381 - getGeneralData_muti.py - line:97 - INFO - 数据更新进度1500/4998，耗时:212.79s -50977
2022-11-18 21:45:01,865 - getGeneralData_muti.py - line:97 - INFO - 数据更新进度1600/4998，耗时:227.28s -50977
2022-11-18 21:45:19,514 - getGeneralData_muti.py - line:97 - INFO - 数据更新进度1700/4998，耗时:244.93s -50977
2022-11-18 21:45:35,443 - getGeneralData_muti.py - line:97 - INFO - 数据更新进度1800/4998，耗时:260.86s -50977
2022-11-18 21:45:54,075 - getGeneralData_muti.py - line:97 - INFO - 数据更新进度1900/4998，耗时:279.49s -50977
2022-11-18 21:46:10,087 - getGeneralData_muti.py - line:97 - INFO - 数据更新进度2000/4998，耗时:295.50s -50977
2022-11-18 21:46:24,206 - getGeneralData_muti.py - line:97 - INFO - 数据更新进度2100/4998，耗时:309.62s -50977
2022-11-18 21:46:38,431 - getGeneralData_muti.py - line:97 - INFO - 数据更新进度2200/4998，耗时:323.84s -50977
2022-11-18 21:46:53,287 - getGeneralData_muti.py - line:97 - INFO - 数据更新进度2300/4998，耗时:338.70s -50977
2022-11-18 21:47:06,925 - getGeneralData_muti.py - line:97 - INFO - 数据更新进度2400/4998，耗时:352.34s -50977
2022-11-18 21:47:18,603 - getGeneralData_muti.py - line:99 - INFO - D,None 20221118 成功更新2497只股票数据,耗时:364.01s -50977
2022-11-18 21:47:19,581 - getGeneralData_muti.py - line:97 - INFO - 数据更新进度2500/4998，耗时:364.99s -50977
2022-11-18 21:47:36,346 - getGeneralData_muti.py - line:97 - INFO - 数据更新进度2600/4998，耗时:381.76s -50977
2022-11-18 21:47:52,268 - getGeneralData_muti.py - line:97 - INFO - 数据更新进度2700/4998，耗时:397.68s -50977
2022-11-18 21:48:08,376 - getGeneralData_muti.py - line:97 - INFO - 数据更新进度2800/4998，耗时:413.79s -50977
2022-11-18 21:48:21,240 - getGeneralData_muti.py - line:97 - INFO - 数据更新进度2900/4998，耗时:426.65s -50977
2022-11-18 21:48:38,340 - getGeneralData_muti.py - line:97 - INFO - 数据更新进度3000/4998，耗时:443.75s -50977
2022-11-18 21:48:55,479 - getGeneralData_muti.py - line:97 - INFO - 数据更新进度3100/4998，耗时:460.89s -50977
2022-11-18 21:49:09,257 - getGeneralData_muti.py - line:99 - INFO - D,None 20221118 成功更新3191只股票数据,耗时:474.66s -50977
2022-11-18 21:49:10,709 - getGeneralData_muti.py - line:97 - INFO - 数据更新进度3200/4998，耗时:476.12s -50977
2022-11-18 21:49:31,818 - getGeneralData_muti.py - line:97 - INFO - 数据更新进度3300/4998，耗时:497.23s -50977
2022-11-18 21:49:45,737 - getGeneralData_muti.py - line:99 - INFO - D,None 20221118 成功更新3361只股票数据,耗时:511.15s -50977
2022-11-18 21:49:54,347 - getGeneralData_muti.py - line:97 - INFO - 数据更新进度3400/4998，耗时:519.76s -50977
2022-11-18 21:50:23,709 - getGeneralData_muti.py - line:97 - INFO - 数据更新进度3500/4998，耗时:549.12s -50977
2022-11-18 21:50:52,083 - getGeneralData_muti.py - line:97 - INFO - 数据更新进度3600/4998，耗时:577.49s -50977
2022-11-18 21:51:21,188 - getGeneralData_muti.py - line:97 - INFO - 数据更新进度3700/4998，耗时:606.60s -50977
2022-11-18 21:51:51,027 - getGeneralData_muti.py - line:97 - INFO - 数据更新进度3800/4998，耗时:636.42s -50977
2022-11-18 21:52:19,034 - getGeneralData_muti.py - line:97 - INFO - 数据更新进度3900/4998，耗时:664.45s -50977
2022-11-18 21:52:44,577 - getGeneralData_muti.py - line:97 - INFO - 数据更新进度4000/4998，耗时:689.99s -50977
2022-11-18 21:53:07,098 - getGeneralData_muti.py - line:97 - INFO - 数据更新进度4100/4998，耗时:712.51s -50977
2022-11-18 21:53:25,697 - getGeneralData_muti.py - line:97 - INFO - 数据更新进度4200/4998，耗时:731.11s -50977
2022-11-18 21:53:28,989 - getGeneralData_muti.py - line:99 - INFO - D,None 20221118 成功更新4214只股票数据,耗时:734.40s -50977
2022-11-18 21:53:29,158 - getGeneralData_muti.py - line:99 - INFO - D,None 20221118 成功更新4215只股票数据,耗时:734.57s -50977
2022-11-18 21:54:06,753 - getGeneralData_muti.py - line:97 - INFO - 数据更新进度4300/4998，耗时:772.16s -50977
2022-11-18 21:54:48,391 - getGeneralData_muti.py - line:97 - INFO - 数据更新进度4400/4998，耗时:813.80s -50977
2022-11-18 21:55:26,596 - getGeneralData_muti.py - line:97 - INFO - 数据更新进度4500/4998，耗时:852.01s -50977
2022-11-18 21:55:32,216 - getGeneralData_muti.py - line:99 - INFO - D,None 20221118 成功更新4517只股票数据,耗时:857.63s -50977
2022-11-18 21:55:51,075 - getGeneralData_muti.py - line:99 - INFO - D,None 20221118 成功更新4547只股票数据,耗时:876.49s -50977
2022-11-18 21:56:29,663 - getGeneralData_muti.py - line:97 - INFO - 数据更新进度4600/4998，耗时:915.07s -50977
2022-11-18 21:57:47,304 - getGeneralData_muti.py - line:97 - INFO - 数据更新进度4700/4998，耗时:992.72s -50977
2022-11-18 21:58:26,430 - getGeneralData_muti.py - line:99 - INFO - D,None 20221118 成功更新4754只股票数据,耗时:1031.84s -50977
2022-11-18 21:59:25,829 - getGeneralData_muti.py - line:97 - INFO - 数据更新进度4800/4998，耗时:1091.24s -50977
